d:\workspace\project\putty-src\windows\vs2012\putty\release\vc141.pdb
d:\workspace\project\putty-src\windows\vs2012\putty\release\proxy.obj
d:\workspace\project\putty-src\windows\vs2012\putty\release\portfwd.obj
d:\workspace\project\putty-src\windows\vs2012\putty\release\pinger.obj
d:\workspace\project\putty-src\windows\vs2012\putty\release\pgssapi.obj
d:\workspace\project\putty-src\windows\vs2012\putty\release\miscucs.obj
d:\workspace\project\putty-src\windows\vs2012\putty\release\misc.obj
d:\workspace\project\putty-src\windows\vs2012\putty\release\minibidi.obj
d:\workspace\project\putty-src\windows\vs2012\putty\release\logging.obj
d:\workspace\project\putty-src\windows\vs2012\putty\release\ldiscucs.obj
d:\workspace\project\putty-src\windows\vs2012\putty\release\ldisc.obj
d:\workspace\project\putty-src\windows\vs2012\putty\release\errsock.obj
d:\workspace\project\putty-src\windows\vs2012\putty\release\dialog.obj
d:\workspace\project\putty-src\windows\vs2012\putty\release\cproxy.obj
d:\workspace\project\putty-src\windows\vs2012\putty\release\config.obj
d:\workspace\project\putty-src\windows\vs2012\putty\release\conf.obj
d:\workspace\project\putty-src\windows\vs2012\putty\release\cmdline.obj
d:\workspace\project\putty-src\windows\vs2012\putty\release\callback.obj
d:\workspace\project\putty-src\windows\vs2012\putty\release\be_misc.obj
d:\workspace\project\putty-src\windows\vs2012\putty\release\be_all_s.obj
d:\workspace\project\putty-src\windows\vs2012\putty\release\aqsync.obj
d:\workspace\project\putty-src\windows\vs2012\putty\release\sshrand.obj
d:\workspace\project\putty-src\windows\vs2012\putty\release\sshpubk.obj
d:\workspace\project\putty-src\windows\vs2012\putty\release\sshmd5.obj
d:\workspace\project\putty-src\windows\vs2012\putty\release\sshgssc.obj
d:\workspace\project\putty-src\windows\vs2012\putty\release\sshecc.obj
d:\workspace\project\putty-src\windows\vs2012\putty\release\sshdss.obj
d:\workspace\project\putty-src\windows\vs2012\putty\release\sshdh.obj
d:\workspace\project\putty-src\windows\vs2012\putty\release\sshdes.obj
d:\workspace\project\putty-src\windows\vs2012\putty\release\sshcrcda.obj
d:\workspace\project\putty-src\windows\vs2012\putty\release\sshcrc.obj
d:\workspace\project\putty-src\windows\vs2012\putty\release\sshccp.obj
d:\workspace\project\putty-src\windows\vs2012\putty\release\sshbn.obj
d:\workspace\project\putty-src\windows\vs2012\putty\release\sshblowf.obj
d:\workspace\project\putty-src\windows\vs2012\putty\release\ssharcf.obj
d:\workspace\project\putty-src\windows\vs2012\putty\release\sshaes.obj
d:\workspace\project\putty-src\windows\vs2012\putty\release\ssh.obj
d:\workspace\project\putty-src\windows\vs2012\putty\release\settings.obj
d:\workspace\project\putty-src\windows\vs2012\putty\release\sercfg.obj
d:\workspace\project\putty-src\windows\vs2012\putty\release\rlogin.obj
d:\workspace\project\putty-src\windows\vs2012\putty\release\raw.obj
d:\workspace\project\putty-src\windows\vs2012\putty\release\window.obj
d:\workspace\project\putty-src\windows\vs2012\putty\release\windlg.obj
d:\workspace\project\putty-src\windows\vs2012\putty\release\windefs.obj
d:\workspace\project\putty-src\windows\vs2012\putty\release\winctrls.obj
d:\workspace\project\putty-src\windows\vs2012\putty\release\wincfg.obj
d:\workspace\project\putty-src\windows\vs2012\putty\release\wincapi.obj
d:\workspace\project\putty-src\windows\vs2012\putty\release\sizetip.obj
d:\workspace\project\putty-src\windows\vs2012\putty\release\wildcard.obj
d:\workspace\project\putty-src\windows\vs2012\putty\release\wcwidth.obj
d:\workspace\project\putty-src\windows\vs2012\putty\release\version.obj
d:\workspace\project\putty-src\windows\vs2012\putty\release\tree234.obj
d:\workspace\project\putty-src\windows\vs2012\putty\release\timing.obj
d:\workspace\project\putty-src\windows\vs2012\putty\release\terminal.obj
d:\workspace\project\putty-src\windows\vs2012\putty\release\telnet.obj
d:\workspace\project\putty-src\windows\vs2012\putty\release\sshzlib.obj
d:\workspace\project\putty-src\windows\vs2012\putty\release\sshshare.obj
d:\workspace\project\putty-src\windows\vs2012\putty\release\sshsha.obj
d:\workspace\project\putty-src\windows\vs2012\putty\release\sshsh512.obj
d:\workspace\project\putty-src\windows\vs2012\putty\release\sshsh256.obj
d:\workspace\project\putty-src\windows\vs2012\putty\release\sshrsa.obj
d:\workspace\project\putty-src\windows\vs2012\putty\release\winutils.obj
d:\workspace\project\putty-src\windows\vs2012\putty\release\winucs.obj
d:\workspace\project\putty-src\windows\vs2012\putty\release\wintime.obj
d:\workspace\project\putty-src\windows\vs2012\putty\release\winstore.obj
d:\workspace\project\putty-src\windows\vs2012\putty\release\winshare.obj
d:\workspace\project\putty-src\windows\vs2012\putty\release\winser.obj
d:\workspace\project\putty-src\windows\vs2012\putty\release\winsecur.obj
d:\workspace\project\putty-src\windows\vs2012\putty\release\winproxy.obj
d:\workspace\project\putty-src\windows\vs2012\putty\release\winprint.obj
d:\workspace\project\putty-src\windows\vs2012\putty\release\winpgntc.obj
d:\workspace\project\putty-src\windows\vs2012\putty\release\winnps.obj
d:\workspace\project\putty-src\windows\vs2012\putty\release\winnpc.obj
d:\workspace\project\putty-src\windows\vs2012\putty\release\winnoise.obj
d:\workspace\project\putty-src\windows\vs2012\putty\release\winnet.obj
d:\workspace\project\putty-src\windows\vs2012\putty\release\winmisc.obj
d:\workspace\project\putty-src\windows\vs2012\putty\release\winjump.obj
d:\workspace\project\putty-src\windows\vs2012\putty\release\winhsock.obj
d:\workspace\project\putty-src\windows\vs2012\putty\release\winhelp.obj
d:\workspace\project\putty-src\windows\vs2012\putty\release\winhandl.obj
d:\workspace\project\putty-src\windows\vs2012\putty\release\wingss.obj
d:\workspace\project\putty-src\windows\vs2012\putty\release\x11fwd.obj
d:\workspace\project\putty-src\windows\vs2012\putty\release\winx11.obj
d:\workspace\project\putty-src\windows\vs2012\putty\release\putty.exe
d:\workspace\project\putty-src\windows\vs2012\putty\release\putty.pdb
d:\workspace\project\putty-src\windows\vs2012\putty\release\putty.res
d:\workspace\project\putty-src\windows\vs2012\putty\.\release\putty.exe
d:\workspace\project\putty-src\windows\vs2012\putty\release\putty.tlog\cl.command.1.tlog
d:\workspace\project\putty-src\windows\vs2012\putty\release\putty.tlog\cl.read.1.tlog
d:\workspace\project\putty-src\windows\vs2012\putty\release\putty.tlog\cl.write.1.tlog
d:\workspace\project\putty-src\windows\vs2012\putty\release\putty.tlog\link.command.1.tlog
d:\workspace\project\putty-src\windows\vs2012\putty\release\putty.tlog\link.read.1.tlog
d:\workspace\project\putty-src\windows\vs2012\putty\release\putty.tlog\link.write.1.tlog
d:\workspace\project\putty-src\windows\vs2012\putty\release\putty.tlog\rc.command.1.tlog
d:\workspace\project\putty-src\windows\vs2012\putty\release\putty.tlog\rc.read.1.tlog
d:\workspace\project\putty-src\windows\vs2012\putty\release\putty.tlog\rc.write.1.tlog
